[01m[K/home/seventeen/Robotics-and-its-application/src/robot_planning/src/listenerObstacles.cpp:22:1:[m[K [01;31m[Kerror: [m[Kâ€˜[01m[KObstacle[m[Kâ€™ does not name a type
   22 | [01;31m[KObstacle[m[K {
      | [01;31m[K^~~~~~~~[m[K
gmake[2]: *** [CMakeFiles/obstacles.dir/build.make:79: CMakeFiles/obstacles.dir/src/listenerObstacles.cpp.o] Error 1
gmake[1]: *** [CMakeFiles/Makefile2:219: CMakeFiles/obstacles.dir/all] Error 2
gmake[1]: *** Waiting for unfinished jobs....
gmake: *** [Makefile:146: all] Error 2
