[0.072s] Invoking command in '/home/seventeen/Robotics-and-its-application/build/robot_planning': CMAKE_PREFIX_PATH=${CMAKE_PREFIX_PATH}:/opt/ros/humble /home/seventeen/.local/bin/cmake /home/seventeen/Robotics-and-its-application/src/robot_planning -DCMAKE_INSTALL_PREFIX=/home/seventeen/Robotics-and-its-application/install/robot_planning
[0.317s] [0mCMake Deprecation Warning at CMakeLists.txt:1 (cmake_minimum_required):
[0.317s]   Compatibility with CMake < 3.10 will be removed from a future version of
[0.317s]   CMake.
[0.317s] 
[0.318s]   Update the VERSION argument <min> value or use a ...<max> suffix to tell
[0.318s]   CMake that the project does not need compatibility with older versions.
[0.319s] 
[0.320s] [0m
[0.359s] -- Found ament_cmake: 1.3.10 (/opt/ros/humble/share/ament_cmake/cmake)
[0.966s] -- Found rclcpp: 16.0.10 (/opt/ros/humble/share/rclcpp/cmake)
[1.076s] -- Found rosidl_generator_c: 3.1.5 (/opt/ros/humble/share/rosidl_generator_c/cmake)
[1.083s] -- Found rosidl_adapter: 3.1.5 (/opt/ros/humble/share/rosidl_adapter/cmake)
[1.105s] -- Found rosidl_generator_cpp: 3.1.5 (/opt/ros/humble/share/rosidl_generator_cpp/cmake)
[1.143s] -- Using all available rosidl_typesupport_c: rosidl_typesupport_fastrtps_c;rosidl_typesupport_introspection_c
[1.201s] -- Using all available rosidl_typesupport_cpp: rosidl_typesupport_fastrtps_cpp;rosidl_typesupport_introspection_cpp
[1.326s] -- Found rmw_implementation_cmake: 6.1.2 (/opt/ros/humble/share/rmw_implementation_cmake/cmake)
[1.331s] -- Found rmw_fastrtps_cpp: 6.2.7 (/opt/ros/humble/share/rmw_fastrtps_cpp/cmake)
[1.626s] -- Using RMW implementation 'rmw_fastrtps_cpp' as default
[1.757s] -- Found geometry_msgs: 4.2.4 (/opt/ros/humble/share/geometry_msgs/cmake)
[1.800s] -- Found obstacles_msgs: 0.1.2 (/home/seventeen/Robotics-and-its-application/install/obstacles_msgs/share/obstacles_msgs/cmake)
[1.861s] -- Found ament_lint_auto: 0.12.11 (/opt/ros/humble/share/ament_lint_auto/cmake)
[2.052s] -- Added test 'cppcheck' to perform static code analysis on C / C++ code
[2.053s] -- Configured cppcheck include dirs: 
[2.053s] -- Configured cppcheck exclude dirs and/or files: 
[2.055s] -- Added test 'lint_cmake' to check CMake code style
[2.059s] -- Added test 'uncrustify' to check C / C++ code style
[2.059s] -- Configured uncrustify additional arguments: 
[2.060s] -- Added test 'xmllint' to check XML markup files
[2.065s] -- Configuring done (1.8s)
[2.111s] -- Generating done (0.0s)
[2.112s] -- Build files have been written to: /home/seventeen/Robotics-and-its-application/build/robot_planning
[2.129s] Invoked command in '/home/seventeen/Robotics-and-its-application/build/robot_planning' returned '0': CMAKE_PREFIX_PATH=${CMAKE_PREFIX_PATH}:/opt/ros/humble /home/seventeen/.local/bin/cmake /home/seventeen/Robotics-and-its-application/src/robot_planning -DCMAKE_INSTALL_PREFIX=/home/seventeen/Robotics-and-its-application/install/robot_planning
[2.132s] Invoking command in '/home/seventeen/Robotics-and-its-application/build/robot_planning': CMAKE_PREFIX_PATH=${CMAKE_PREFIX_PATH}:/opt/ros/humble /home/seventeen/.local/bin/cmake --build /home/seventeen/Robotics-and-its-application/build/robot_planning -- -j8 -l8
[2.327s] [ 33%] [32mBuilding CXX object CMakeFiles/borders.dir/src/listenerBorders.cpp.o[0m
[2.327s] [ 33%] [32mBuilding CXX object CMakeFiles/gates.dir/src/listenerGates.cpp.o[0m
[2.329s] [ 50%] [32mBuilding CXX object CMakeFiles/obstacles.dir/src/listenerObstacles.cpp.o[0m
[2.796s] [01m[K/home/seventeen/Robotics-and-its-application/src/robot_planning/src/listenerGates.cpp:5:10:[m[K [01;31m[Kfatal error: [m[Kvariables.hpp: No such file or directory
[2.797s]     5 | #include [01;31m[K"variables.hpp"[m[K
[2.797s]       |          [01;31m[K^~~~~~~~~~~~~~~[m[K
[2.797s] compilation terminated.
[2.800s] [01m[K/home/seventeen/Robotics-and-its-application/src/robot_planning/src/listenerBorders.cpp:5:10:[m[K [01;31m[Kfatal error: [m[Kvariables.hpp: No such file or directory
[2.800s]     5 | #include [01;31m[K"variables.hpp"[m[K
[2.800s]       |          [01;31m[K^~~~~~~~~~~~~~~[m[K
[2.800s] compilation terminated.
[2.801s] [01m[K/home/seventeen/Robotics-and-its-application/src/robot_planning/src/listenerObstacles.cpp:9:10:[m[K [01;31m[Kfatal error: [m[Kvariables.hpp: No such file or directory
[2.801s]     9 | #include [01;31m[K"variables.hpp"[m[K
[2.801s]       |          [01;31m[K^~~~~~~~~~~~~~~[m[K
[2.801s] compilation terminated.
[2.805s] gmake[2]: *** [CMakeFiles/gates.dir/build.make:79: CMakeFiles/gates.dir/src/listenerGates.cpp.o] Error 1
[2.806s] gmake[1]: *** [CMakeFiles/Makefile2:188: CMakeFiles/gates.dir/all] Error 2
[2.806s] gmake[1]: *** Waiting for unfinished jobs....
[2.809s] gmake[2]: *** [CMakeFiles/obstacles.dir/build.make:79: CMakeFiles/obstacles.dir/src/listenerObstacles.cpp.o] Error 1
[2.809s] gmake[2]: *** [CMakeFiles/borders.dir/build.make:79: CMakeFiles/borders.dir/src/listenerBorders.cpp.o] Error 1
[2.810s] gmake[1]: *** [CMakeFiles/Makefile2:219: CMakeFiles/obstacles.dir/all] Error 2
[2.810s] gmake[1]: *** [CMakeFiles/Makefile2:157: CMakeFiles/borders.dir/all] Error 2
[2.810s] gmake: *** [Makefile:146: all] Error 2
[2.814s] Invoked command in '/home/seventeen/Robotics-and-its-application/build/robot_planning' returned '2': CMAKE_PREFIX_PATH=${CMAKE_PREFIX_PATH}:/opt/ros/humble /home/seventeen/.local/bin/cmake --build /home/seventeen/Robotics-and-its-application/build/robot_planning -- -j8 -l8
