[0.073s] Invoking command in '/home/seventeen/Robotics-and-its-application/build/robot_planning': CMAKE_PREFIX_PATH=${CMAKE_PREFIX_PATH}:/opt/ros/humble /home/seventeen/.local/bin/cmake --build /home/seventeen/Robotics-and-its-application/build/robot_planning -- -j8 -l8
[0.421s] [ 33%] Built target gates
[0.440s] [ 50%] [32mBuilding CXX object CMakeFiles/obstacles.dir/src/listenerObstacles.cpp.o[0m
[0.452s] [ 83%] Built target borders
[5.453s] [01m[K/home/seventeen/Robotics-and-its-application/src/robot_planning/src/listenerObstacles.cpp:22:1:[m[K [01;31m[Kerror: [m[Kâ€˜[01m[KObstacle[m[Kâ€™ does not name a type
[5.453s]    22 | [01;31m[KObstacle[m[K {
[5.454s]       | [01;31m[K^~~~~~~~[m[K
[5.455s] [01m[K/home/seventeen/Robotics-and-its-application/src/robot_planning/src/listenerObstacles.cpp:25:3:[m[K [01;31m[Kerror: [m[Kâ€˜[01m[KObstacle[m[Kâ€™ does not name a type
[5.455s]    25 | } [01;31m[KObstacle[m[K;
[5.455s]       |   [01;31m[K^~~~~~~~[m[K
[9.672s] gmake[2]: *** [CMakeFiles/obstacles.dir/build.make:79: CMakeFiles/obstacles.dir/src/listenerObstacles.cpp.o] Error 1
[9.673s] gmake[1]: *** [CMakeFiles/Makefile2:219: CMakeFiles/obstacles.dir/all] Error 2
[9.674s] gmake: *** [Makefile:146: all] Error 2
[9.678s] Invoked command in '/home/seventeen/Robotics-and-its-application/build/robot_planning' returned '2': CMAKE_PREFIX_PATH=${CMAKE_PREFIX_PATH}:/opt/ros/humble /home/seventeen/.local/bin/cmake --build /home/seventeen/Robotics-and-its-application/build/robot_planning -- -j8 -l8
