[0.031s] Invoking command in '/home/seventeen/Robotics-and-its-application/build/shelfino_description': /home/seventeen/.local/bin/cmake --build /home/seventeen/Robotics-and-its-application/build/shelfino_description -- -j8 -l8
[0.197s] [0mCMake Deprecation Warning at CMakeLists.txt:1 (cmake_minimum_required):
[0.197s]   Compatibility with CMake < 3.10 will be removed from a future version of
[0.197s]   CMake.
[0.198s] 
[0.198s]   Update the VERSION argument <min> value or use a ...<max> suffix to tell
[0.198s]   CMake that the project does not need compatibility with older versions.
[0.198s] 
[0.198s] [0m
[0.226s] -- Found ament_cmake: 1.3.10 (/opt/ros/humble/share/ament_cmake/cmake)
[0.707s] Traceback (most recent call last):
[0.707s]   File "/opt/ros/humble/share/ament_cmake_core/cmake/package_templates/templates_2_cmake.py", line 21, in <module>
[0.707s]     from ament_package.templates import get_environment_hook_template_path
[0.707s] ModuleNotFoundError: No module named 'ament_package'
[0.750s] [31mCMake Error at /opt/ros/humble/share/ament_cmake_core/cmake/ament_cmake_package_templates-extras.cmake:41 (message):
[0.751s]   execute_process(/usr/bin/python3
[0.751s]   /opt/ros/humble/share/ament_cmake_core/cmake/package_templates/templates_2_cmake.py
[0.751s]   /home/seventeen/Robotics-and-its-application/build/shelfino_description/ament_cmake_package_templates/templates.cmake)
[0.751s]   returned error code 1
[0.751s] Call Stack (most recent call first):
[0.752s]   /opt/ros/humble/share/ament_cmake_core/cmake/ament_cmake_coreConfig.cmake:41 (include)
[0.752s]   /opt/ros/humble/share/ament_cmake/cmake/ament_cmake_export_dependencies-extras.cmake:15 (find_package)
[0.752s]   /opt/ros/humble/share/ament_cmake/cmake/ament_cmakeConfig.cmake:41 (include)
[0.752s]   CMakeLists.txt:19 (find_package)
[0.752s] 
[0.753s] [0m
[0.753s] -- Configuring incomplete, errors occurred!
[0.757s] gmake: *** [Makefile:226: cmake_check_build_system] Error 1
[0.762s] Invoked command in '/home/seventeen/Robotics-and-its-application/build/shelfino_description' returned '2': /home/seventeen/.local/bin/cmake --build /home/seventeen/Robotics-and-its-application/build/shelfino_description -- -j8 -l8
